\BOOKMARK [1][-]{section.1}{Overview of RAMSES}{}% 1
\BOOKMARK [1][-]{section.2}{Output Directory Layout}{}% 2
\BOOKMARK [1][-]{section.3}{The Info File \(info\137NNNNN.txt\)}{}% 3
\BOOKMARK [1][-]{section.4}{The AMR File \(amr\137NNNNN.outCCCCC\)}{}% 4
\BOOKMARK [2][-]{subsection.4.1}{Header Records}{section.4}% 5
\BOOKMARK [2][-]{subsection.4.2}{Level Blocks}{section.4}% 6
\BOOKMARK [2][-]{subsection.4.3}{Oct Structure and Leaf Identification}{section.4}% 7
\BOOKMARK [2][-]{subsection.4.4}{Cell Position Calculation}{section.4}% 8
\BOOKMARK [1][-]{section.5}{The Hydro File \(hydro\137NNNNN.outCCCCC\)}{}% 9
\BOOKMARK [2][-]{subsection.5.1}{Header Records}{section.5}% 10
\BOOKMARK [2][-]{subsection.5.2}{Variable Ordering}{section.5}% 11
\BOOKMARK [1][-]{section.6}{Physical Unit Conversions}{}% 12
\BOOKMARK [2][-]{subsection.6.1}{Hydrogen Number Density}{section.6}% 13
\BOOKMARK [2][-]{subsection.6.2}{Velocity}{section.6}% 14
\BOOKMARK [2][-]{subsection.6.3}{Temperature}{section.6}% 15
\BOOKMARK [1][-]{section.7}{The LaRT Reader: Step-by-Step}{}% 16
\BOOKMARK [2][-]{subsection.7.1}{Domain Skipping}{section.7}% 17
\BOOKMARK [1][-]{section.8}{File Naming Convention}{}% 18
\BOOKMARK [1][-]{section.9}{LaRT Input for RAMSES Data}{}% 19
\BOOKMARK [1][-]{section.10}{Generic Text Format vs. RAMSES Binary}{}% 20
\BOOKMARK [1][-]{section.11}{Known Limitations and Assumptions}{}% 21
